<?xml version="1.0" encoding="UTF-8"?>
<testng-results ignored="0" total="3" passed="2" failed="1" skipped="0">
  <reporter-output>
  </reporter-output>
  <suite started-at="2023-10-14T13:58:12Z" name="Suite" finished-at="2023-10-14T13:58:16Z" duration-ms="4192">
    <groups>
    </groups>
    <test started-at="2023-10-14T13:58:12Z" name="Get" finished-at="2023-10-14T13:58:14Z" duration-ms="2891">
      <class name="testCases.paypal.GetOrderTest">
        <test-method is-config="true" signature="setup()[pri:0, instance:testCases.paypal.GetOrderTest@67af833b]" started-at="2023-10-14T13:58:11Z" name="setup" finished-at="2023-10-14T13:58:12Z" duration-ms="434" status="PASS">
          <reporter-output>
          </reporter-output>
        </test-method> <!-- setup -->
        <test-method signature="getOrder()[pri:0, instance:testCases.paypal.GetOrderTest@67af833b]" started-at="2023-10-14T13:58:12Z" name="getOrder" finished-at="2023-10-14T13:58:14Z" duration-ms="2878" status="FAIL">
          <exception class="java.lang.AssertionError">
            <message>
              <![CDATA[expected [200] but found [404]]]>
            </message>
            <full-stacktrace>
              <![CDATA[java.lang.AssertionError: expected [200] but found [404]
at org.testng.Assert.fail(Assert.java:96)
at org.testng.Assert.failNotEquals(Assert.java:776)
at org.testng.Assert.assertEqualsImpl(Assert.java:137)
at org.testng.Assert.assertEquals(Assert.java:118)
at org.testng.Assert.assertEquals(Assert.java:652)
at org.testng.Assert.assertEquals(Assert.java:662)
at testCases.paypal.GetOrderTest.getOrder(GetOrderTest.java:22)
at java.base/jdk.internal.reflect.NativeMethodAccessorImpl.invoke0(Native Method)
at java.base/jdk.internal.reflect.NativeMethodAccessorImpl.invoke(NativeMethodAccessorImpl.java:77)
at java.base/jdk.internal.reflect.DelegatingMethodAccessorImpl.invoke(DelegatingMethodAccessorImpl.java:43)
at java.base/java.lang.reflect.Method.invoke(Method.java:568)
at org.testng.internal.MethodInvocationHelper.invokeMethod(MethodInvocationHelper.java:124)
at org.testng.internal.Invoker.invokeMethod(Invoker.java:583)
at org.testng.internal.Invoker.invokeTestMethod(Invoker.java:719)
at org.testng.internal.Invoker.invokeTestMethods(Invoker.java:989)
at org.testng.internal.TestMethodWorker.invokeTestMethods(TestMethodWorker.java:125)
at org.testng.internal.TestMethodWorker.run(TestMethodWorker.java:109)
at org.testng.TestRunner.privateRun(TestRunner.java:648)
at org.testng.TestRunner.run(TestRunner.java:505)
at org.testng.SuiteRunner.runTest(SuiteRunner.java:455)
at org.testng.SuiteRunner.access$000(SuiteRunner.java:40)
at org.testng.SuiteRunner$SuiteWorker.run(SuiteRunner.java:489)
at org.testng.internal.thread.ThreadUtil$1.call(ThreadUtil.java:52)
at java.base/java.util.concurrent.FutureTask.run(FutureTask.java:264)
at java.base/java.util.concurrent.ThreadPoolExecutor.runWorker(ThreadPoolExecutor.java:1136)
at java.base/java.util.concurrent.ThreadPoolExecutor$Worker.run(ThreadPoolExecutor.java:635)
at java.base/java.lang.Thread.run(Thread.java:833)
]]>
            </full-stacktrace>
          </exception> <!-- java.lang.AssertionError -->
          <reporter-output>
          </reporter-output>
        </test-method> <!-- getOrder -->
      </class> <!-- testCases.paypal.GetOrderTest -->
    </test> <!-- Get -->
    <test started-at="2023-10-14T13:58:12Z" name="Create" finished-at="2023-10-14T13:58:16Z" duration-ms="4192">
      <class name="testCases.paypal.CreateOrderTest">
        <test-method signature="createOrder(java.util.Hashtable)[pri:0, instance:testCases.paypal.CreateOrderTest@76318a7d]" started-at="2023-10-14T13:58:12Z" name="createOrder" data-provider="getData" finished-at="2023-10-14T13:58:16Z" duration-ms="4140" status="PASS">
          <params>
            <param index="0">
              <value>
                <![CDATA[{currency_code=USD, reference_id=d9f80740-38f0-11e8-b467-0ed5f89f718a, value=100.0}]]>
              </value>
            </param>
          </params>
          <reporter-output>
          </reporter-output>
        </test-method> <!-- createOrder -->
        <test-method signature="createOrder(java.util.Hashtable)[pri:0, instance:testCases.paypal.CreateOrderTest@76318a7d]" started-at="2023-10-14T13:58:12Z" name="createOrder" data-provider="getData" finished-at="2023-10-14T13:58:16Z" duration-ms="4140" status="PASS">
          <params>
            <param index="0">
              <value>
                <![CDATA[{currency_code=USD, reference_id=d9f80740-38f0-11e8-b467-0ed5f89f718b, value=101.0}]]>
              </value>
            </param>
          </params>
          <reporter-output>
          </reporter-output>
        </test-method> <!-- createOrder -->
      </class> <!-- testCases.paypal.CreateOrderTest -->
    </test> <!-- Create -->
  </suite> <!-- Suite -->
</testng-results>
