<?xml version="1.0" encoding="UTF-8"?>
<!-- Generated by org.testng.reporters.JUnitXMLReporter -->
<testsuite ignored="4" hostname="IBM-PG02TZZN" failures="1" tests="10" name="Test" time="8.618" errors="0" timestamp="02 Oct 2023 09:12:23 GMT">
  <testcase classname="testCases.DeleteCustomer" name="deleteCustomer" time="1.614"/>
  <testcase classname="utilityPractice.PayPal" name="getAccessToken" time="1.18">
    <failure type="io.restassured.path.json.exception.JsonPathException" message="Failed to parse the JSON document">
      <![CDATA[io.restassured.path.json.exception.JsonPathException: Failed to parse the JSON document
at io.restassured.path.json.JsonPath$ExceptionCatcher.invoke(JsonPath.java:1002)
at io.restassured.path.json.JsonPath$4.doParseWith(JsonPath.java:967)
at io.restassured.path.json.JsonPath$JsonParser.parseWith(JsonPath.java:1047)
at io.restassured.path.json.JsonPath.get(JsonPath.java:202)
at utilityPractice.PayPal.getAccessToken(PayPal.java:29)
Caused by: java.lang.IllegalArgumentException: The JSON input text should neither be null nor empty.
at org.codehaus.groovy.runtime.callsite.ConstructorSite$ConstructorSiteNoUnwrapNoCoerce.callConstructor(ConstructorSite.java:105)
at org.codehaus.groovy.runtime.callsite.CallSiteArray.defaultCallConstructor(CallSiteArray.java:59)
at org.codehaus.groovy.runtime.callsite.AbstractCallSite.callConstructor(AbstractCallSite.java:263)
at org.codehaus.groovy.runtime.callsite.AbstractCallSite.callConstructor(AbstractCallSite.java:277)
at io.restassured.internal.path.json.ConfigurableJsonSlurper.parseText(ConfigurableJsonSlurper.groovy:80)
at io.restassured.path.json.JsonPath$4$1.method(JsonPath.java:965)
at io.restassured.path.json.JsonPath$ExceptionCatcher.invoke(JsonPath.java:1000)
... 29 more
... Removed 31 stack frames]]>
    </failure>
  </testcase> <!-- getAccessToken -->
  <testcase classname="utilityPractice.TestCase" name="cxCreationInvalidKey" time="1.034"/>
  <testcase classname="utilityPractice.TestCase" name="cxCreationInvalidKey" time="0.598"/>
  <testcase classname="utilityPractice.TestCase" name="cxCreationInvalidKey" time="1.125"/>
  <testcase classname="utilityPractice.TestCase" name="cxCreationValidKey" time="1.226"/>
  <testcase classname="utilityPractice.TestCase" name="cxCreationValidKey" time="1.119"/>
  <testcase classname="utilityPractice.TestCase" name="cxCreationValidKey" time="0.618"/>
  <testcase classname="utilityPractice.DatUtilPracticeDraft1" name="create" time="0.001"/>
  <testcase classname="utilityPractice.DatUtilPracticeDraft1" name="create" time="0.001"/>
  <testcase classname="baseClass.BaseTest" name="@BeforeSuite setup" time="0.0">
    <ignored/>
  </testcase> <!-- @BeforeSuite setup -->
  <testcase classname="baseClass.BaseTest" name="@BeforeSuite setup" time="0.0">
    <ignored/>
  </testcase> <!-- @BeforeSuite setup -->
  <testcase classname="baseClass.BaseTest" name="@BeforeSuite setup" time="0.0">
    <ignored/>
  </testcase> <!-- @BeforeSuite setup -->
  <testcase classname="baseClass.BaseTest" name="@BeforeSuite setup" time="0.0">
    <ignored/>
  </testcase> <!-- @BeforeSuite setup -->
</testsuite> <!-- Test -->
